<?xml version="1.0" encoding="UTF-8"?>
<testsuite xmlns:xsi="http://www.w3.org/2001/XMLSchema-instance" xsi:noNamespaceSchemaLocation="https://maven.apache.org/surefire/maven-surefire-plugin/xsd/surefire-test-report.xsd" version="3.0.2" name="com.ecms.EcmsApplicationTests" time="5.952" tests="1" errors="0" skipped="0" failures="0">
  <properties>
    <property name="java.specification.version" value="17"/>
    <property name="sun.cpu.isalist" value="amd64"/>
    <property name="sun.jnu.encoding" value="GBK"/>
    <property name="java.class.path" value="E:\ecms\target\test-classes;E:\ecms\target\classes;D:\mavenjilu\org\springframework\boot\spring-boot-starter-web\3.4.4\spring-boot-starter-web-3.4.4.jar;D:\mavenjilu\org\springframework\boot\spring-boot-starter\3.4.4\spring-boot-starter-3.4.4.jar;D:\mavenjilu\org\springframework\boot\spring-boot\3.4.4\spring-boot-3.4.4.jar;D:\mavenjilu\org\springframework\boot\spring-boot-autoconfigure\3.4.4\spring-boot-autoconfigure-3.4.4.jar;D:\mavenjilu\org\springframework\boot\spring-boot-starter-logging\3.4.4\spring-boot-starter-logging-3.4.4.jar;D:\mavenjilu\ch\qos\logback\logback-classic\1.5.18\logback-classic-1.5.18.jar;D:\mavenjilu\ch\qos\logback\logback-core\1.5.18\logback-core-1.5.18.jar;D:\mavenjilu\org\apache\logging\log4j\log4j-to-slf4j\2.24.3\log4j-to-slf4j-2.24.3.jar;D:\mavenjilu\org\apache\logging\log4j\log4j-api\2.24.3\log4j-api-2.24.3.jar;D:\mavenjilu\org\slf4j\jul-to-slf4j\2.0.17\jul-to-slf4j-2.0.17.jar;D:\mavenjilu\jakarta\annotation\jakarta.annotation-api\2.1.1\jakarta.annotation-api-2.1.1.jar;D:\mavenjilu\org\yaml\snakeyaml\2.3\snakeyaml-2.3.jar;D:\mavenjilu\org\springframework\boot\spring-boot-starter-json\3.4.4\spring-boot-starter-json-3.4.4.jar;D:\mavenjilu\com\fasterxml\jackson\datatype\jackson-datatype-jdk8\2.18.3\jackson-datatype-jdk8-2.18.3.jar;D:\mavenjilu\com\fasterxml\jackson\module\jackson-module-parameter-names\2.18.3\jackson-module-parameter-names-2.18.3.jar;D:\mavenjilu\org\springframework\boot\spring-boot-starter-tomcat\3.4.4\spring-boot-starter-tomcat-3.4.4.jar;D:\mavenjilu\org\apache\tomcat\embed\tomcat-embed-core\10.1.39\tomcat-embed-core-10.1.39.jar;D:\mavenjilu\org\apache\tomcat\embed\tomcat-embed-websocket\10.1.39\tomcat-embed-websocket-10.1.39.jar;D:\mavenjilu\org\springframework\spring-web\6.2.5\spring-web-6.2.5.jar;D:\mavenjilu\org\springframework\spring-beans\6.2.5\spring-beans-6.2.5.jar;D:\mavenjilu\io\micrometer\micrometer-observation\1.14.5\micrometer-observation-1.14.5.jar;D:\mavenjilu\io\micrometer\micrometer-commons\1.14.5\micrometer-commons-1.14.5.jar;D:\mavenjilu\org\springframework\spring-webmvc\6.2.5\spring-webmvc-6.2.5.jar;D:\mavenjilu\org\springframework\spring-aop\6.2.5\spring-aop-6.2.5.jar;D:\mavenjilu\org\springframework\spring-context\6.2.5\spring-context-6.2.5.jar;D:\mavenjilu\org\springframework\spring-expression\6.2.5\spring-expression-6.2.5.jar;D:\mavenjilu\org\springframework\boot\spring-boot-starter-data-jpa\3.4.4\spring-boot-starter-data-jpa-3.4.4.jar;D:\mavenjilu\org\springframework\boot\spring-boot-starter-jdbc\3.4.4\spring-boot-starter-jdbc-3.4.4.jar;D:\mavenjilu\com\zaxxer\HikariCP\5.1.0\HikariCP-5.1.0.jar;D:\mavenjilu\org\springframework\spring-jdbc\6.2.5\spring-jdbc-6.2.5.jar;D:\mavenjilu\org\hibernate\orm\hibernate-core\6.6.11.Final\hibernate-core-6.6.11.Final.jar;D:\mavenjilu\jakarta\persistence\jakarta.persistence-api\3.1.0\jakarta.persistence-api-3.1.0.jar;D:\mavenjilu\jakarta\transaction\jakarta.transaction-api\2.0.1\jakarta.transaction-api-2.0.1.jar;D:\mavenjilu\org\jboss\logging\jboss-logging\3.6.1.Final\jboss-logging-3.6.1.Final.jar;D:\mavenjilu\org\hibernate\common\hibernate-commons-annotations\7.0.3.Final\hibernate-commons-annotations-7.0.3.Final.jar;D:\mavenjilu\io\smallrye\jandex\3.2.0\jandex-3.2.0.jar;D:\mavenjilu\com\fasterxml\classmate\1.7.0\classmate-1.7.0.jar;D:\mavenjilu\net\bytebuddy\byte-buddy\1.15.11\byte-buddy-1.15.11.jar;D:\mavenjilu\org\glassfish\jaxb\jaxb-runtime\4.0.5\jaxb-runtime-4.0.5.jar;D:\mavenjilu\org\glassfish\jaxb\jaxb-core\4.0.5\jaxb-core-4.0.5.jar;D:\mavenjilu\org\eclipse\angus\angus-activation\2.0.2\angus-activation-2.0.2.jar;D:\mavenjilu\org\glassfish\jaxb\txw2\4.0.5\txw2-4.0.5.jar;D:\mavenjilu\com\sun\istack\istack-commons-runtime\4.1.2\istack-commons-runtime-4.1.2.jar;D:\mavenjilu\jakarta\inject\jakarta.inject-api\2.0.1\jakarta.inject-api-2.0.1.jar;D:\mavenjilu\org\antlr\antlr4-runtime\4.13.0\antlr4-runtime-4.13.0.jar;D:\mavenjilu\org\springframework\data\spring-data-jpa\3.4.4\spring-data-jpa-3.4.4.jar;D:\mavenjilu\org\springframework\data\spring-data-commons\3.4.4\spring-data-commons-3.4.4.jar;D:\mavenjilu\org\springframework\spring-orm\6.2.5\spring-orm-6.2.5.jar;D:\mavenjilu\org\springframework\spring-tx\6.2.5\spring-tx-6.2.5.jar;D:\mavenjilu\org\slf4j\slf4j-api\2.0.17\slf4j-api-2.0.17.jar;D:\mavenjilu\org\springframework\spring-aspects\6.2.5\spring-aspects-6.2.5.jar;D:\mavenjilu\org\aspectj\aspectjweaver\1.9.23\aspectjweaver-1.9.23.jar;D:\mavenjilu\org\springframework\boot\spring-boot-starter-validation\3.4.4\spring-boot-starter-validation-3.4.4.jar;D:\mavenjilu\org\apache\tomcat\embed\tomcat-embed-el\10.1.39\tomcat-embed-el-10.1.39.jar;D:\mavenjilu\org\hibernate\validator\hibernate-validator\8.0.2.Final\hibernate-validator-8.0.2.Final.jar;D:\mavenjilu\jakarta\validation\jakarta.validation-api\3.0.2\jakarta.validation-api-3.0.2.jar;D:\mavenjilu\com\mysql\mysql-connector-j\9.1.0\mysql-connector-j-9.1.0.jar;D:\mavenjilu\cn\hutool\hutool-all\5.8.22\hutool-all-5.8.22.jar;D:\mavenjilu\org\projectlombok\lombok\1.18.36\lombok-1.18.36.jar;D:\mavenjilu\org\mapstruct\mapstruct\1.5.5.Final\mapstruct-1.5.5.Final.jar;D:\mavenjilu\com\fasterxml\jackson\datatype\jackson-datatype-jsr310\2.18.3\jackson-datatype-jsr310-2.18.3.jar;D:\mavenjilu\com\fasterxml\jackson\core\jackson-annotations\2.18.3\jackson-annotations-2.18.3.jar;D:\mavenjilu\com\fasterxml\jackson\core\jackson-core\2.18.3\jackson-core-2.18.3.jar;D:\mavenjilu\com\fasterxml\jackson\core\jackson-databind\2.18.3\jackson-databind-2.18.3.jar;D:\mavenjilu\org\springframework\boot\spring-boot-starter-test\3.4.4\spring-boot-starter-test-3.4.4.jar;D:\mavenjilu\org\springframework\boot\spring-boot-test\3.4.4\spring-boot-test-3.4.4.jar;D:\mavenjilu\org\springframework\boot\spring-boot-test-autoconfigure\3.4.4\spring-boot-test-autoconfigure-3.4.4.jar;D:\mavenjilu\com\jayway\jsonpath\json-path\2.9.0\json-path-2.9.0.jar;D:\mavenjilu\jakarta\xml\bind\jakarta.xml.bind-api\4.0.2\jakarta.xml.bind-api-4.0.2.jar;D:\mavenjilu\jakarta\activation\jakarta.activation-api\2.1.3\jakarta.activation-api-2.1.3.jar;D:\mavenjilu\net\minidev\json-smart\2.5.2\json-smart-2.5.2.jar;D:\mavenjilu\net\minidev\accessors-smart\2.5.2\accessors-smart-2.5.2.jar;D:\mavenjilu\org\ow2\asm\asm\9.7.1\asm-9.7.1.jar;D:\mavenjilu\org\assertj\assertj-core\3.26.3\assertj-core-3.26.3.jar;D:\mavenjilu\org\awaitility\awaitility\4.2.2\awaitility-4.2.2.jar;D:\mavenjilu\org\hamcrest\hamcrest\2.2\hamcrest-2.2.jar;D:\mavenjilu\org\junit\jupiter\junit-jupiter\5.11.4\junit-jupiter-5.11.4.jar;D:\mavenjilu\org\junit\jupiter\junit-jupiter-api\5.11.4\junit-jupiter-api-5.11.4.jar;D:\mavenjilu\org\opentest4j\opentest4j\1.3.0\opentest4j-1.3.0.jar;D:\mavenjilu\org\junit\platform\junit-platform-commons\1.11.4\junit-platform-commons-1.11.4.jar;D:\mavenjilu\org\apiguardian\apiguardian-api\1.1.2\apiguardian-api-1.1.2.jar;D:\mavenjilu\org\junit\jupiter\junit-jupiter-params\5.11.4\junit-jupiter-params-5.11.4.jar;D:\mavenjilu\org\junit\jupiter\junit-jupiter-engine\5.11.4\junit-jupiter-engine-5.11.4.jar;D:\mavenjilu\org\junit\platform\junit-platform-engine\1.11.4\junit-platform-engine-1.11.4.jar;D:\mavenjilu\org\mockito\mockito-core\5.14.2\mockito-core-5.14.2.jar;D:\mavenjilu\net\bytebuddy\byte-buddy-agent\1.15.11\byte-buddy-agent-1.15.11.jar;D:\mavenjilu\org\objenesis\objenesis\3.3\objenesis-3.3.jar;D:\mavenjilu\org\mockito\mockito-junit-jupiter\5.14.2\mockito-junit-jupiter-5.14.2.jar;D:\mavenjilu\org\skyscreamer\jsonassert\1.5.3\jsonassert-1.5.3.jar;D:\mavenjilu\com\vaadin\external\google\android-json\0.0.20131108.vaadin1\android-json-0.0.20131108.vaadin1.jar;D:\mavenjilu\org\springframework\spring-core\6.2.5\spring-core-6.2.5.jar;D:\mavenjilu\org\springframework\spring-jcl\6.2.5\spring-jcl-6.2.5.jar;D:\mavenjilu\org\springframework\spring-test\6.2.5\spring-test-6.2.5.jar;D:\mavenjilu\org\xmlunit\xmlunit-core\2.10.0\xmlunit-core-2.10.0.jar;D:\mavenjilu\com\h2database\h2\2.3.232\h2-2.3.232.jar;"/>
    <property name="java.vm.vendor" value="JetBrains s.r.o."/>
    <property name="sun.arch.data.model" value="64"/>
    <property name="user.variant" value=""/>
    <property name="java.vendor.url" value="https://openjdk.java.net/"/>
    <property name="user.timezone" value="Asia/Shanghai"/>
    <property name="org.jboss.logging.provider" value="slf4j"/>
    <property name="os.name" value="Windows 11"/>
    <property name="java.vm.specification.version" value="17"/>
    <property name="APPLICATION_NAME" value="ecms"/>
    <property name="sun.java.launcher" value="SUN_STANDARD"/>
    <property name="user.country" value="CN"/>
    <property name="sun.boot.library.path" value="D:\jbr\bin"/>
    <property name="sun.java.command" value="C:\Users\44113\AppData\Local\Temp\surefire5747384693192194441\surefirebooter-20250402130329826_3.jar C:\Users\44113\AppData\Local\Temp\surefire5747384693192194441 2025-04-02T13-03-24_294-jvmRun1 surefire-20250402130329826_1tmp surefire_0-20250402130329826_2tmp"/>
    <property name="jdk.debug" value="release"/>
    <property name="surefire.test.class.path" value="E:\ecms\target\test-classes;E:\ecms\target\classes;D:\mavenjilu\org\springframework\boot\spring-boot-starter-web\3.4.4\spring-boot-starter-web-3.4.4.jar;D:\mavenjilu\org\springframework\boot\spring-boot-starter\3.4.4\spring-boot-starter-3.4.4.jar;D:\mavenjilu\org\springframework\boot\spring-boot\3.4.4\spring-boot-3.4.4.jar;D:\mavenjilu\org\springframework\boot\spring-boot-autoconfigure\3.4.4\spring-boot-autoconfigure-3.4.4.jar;D:\mavenjilu\org\springframework\boot\spring-boot-starter-logging\3.4.4\spring-boot-starter-logging-3.4.4.jar;D:\mavenjilu\ch\qos\logback\logback-classic\1.5.18\logback-classic-1.5.18.jar;D:\mavenjilu\ch\qos\logback\logback-core\1.5.18\logback-core-1.5.18.jar;D:\mavenjilu\org\apache\logging\log4j\log4j-to-slf4j\2.24.3\log4j-to-slf4j-2.24.3.jar;D:\mavenjilu\org\apache\logging\log4j\log4j-api\2.24.3\log4j-api-2.24.3.jar;D:\mavenjilu\org\slf4j\jul-to-slf4j\2.0.17\jul-to-slf4j-2.0.17.jar;D:\mavenjilu\jakarta\annotation\jakarta.annotation-api\2.1.1\jakarta.annotation-api-2.1.1.jar;D:\mavenjilu\org\yaml\snakeyaml\2.3\snakeyaml-2.3.jar;D:\mavenjilu\org\springframework\boot\spring-boot-starter-json\3.4.4\spring-boot-starter-json-3.4.4.jar;D:\mavenjilu\com\fasterxml\jackson\datatype\jackson-datatype-jdk8\2.18.3\jackson-datatype-jdk8-2.18.3.jar;D:\mavenjilu\com\fasterxml\jackson\module\jackson-module-parameter-names\2.18.3\jackson-module-parameter-names-2.18.3.jar;D:\mavenjilu\org\springframework\boot\spring-boot-starter-tomcat\3.4.4\spring-boot-starter-tomcat-3.4.4.jar;D:\mavenjilu\org\apache\tomcat\embed\tomcat-embed-core\10.1.39\tomcat-embed-core-10.1.39.jar;D:\mavenjilu\org\apache\tomcat\embed\tomcat-embed-websocket\10.1.39\tomcat-embed-websocket-10.1.39.jar;D:\mavenjilu\org\springframework\spring-web\6.2.5\spring-web-6.2.5.jar;D:\mavenjilu\org\springframework\spring-beans\6.2.5\spring-beans-6.2.5.jar;D:\mavenjilu\io\micrometer\micrometer-observation\1.14.5\micrometer-observation-1.14.5.jar;D:\mavenjilu\io\micrometer\micrometer-commons\1.14.5\micrometer-commons-1.14.5.jar;D:\mavenjilu\org\springframework\spring-webmvc\6.2.5\spring-webmvc-6.2.5.jar;D:\mavenjilu\org\springframework\spring-aop\6.2.5\spring-aop-6.2.5.jar;D:\mavenjilu\org\springframework\spring-context\6.2.5\spring-context-6.2.5.jar;D:\mavenjilu\org\springframework\spring-expression\6.2.5\spring-expression-6.2.5.jar;D:\mavenjilu\org\springframework\boot\spring-boot-starter-data-jpa\3.4.4\spring-boot-starter-data-jpa-3.4.4.jar;D:\mavenjilu\org\springframework\boot\spring-boot-starter-jdbc\3.4.4\spring-boot-starter-jdbc-3.4.4.jar;D:\mavenjilu\com\zaxxer\HikariCP\5.1.0\HikariCP-5.1.0.jar;D:\mavenjilu\org\springframework\spring-jdbc\6.2.5\spring-jdbc-6.2.5.jar;D:\mavenjilu\org\hibernate\orm\hibernate-core\6.6.11.Final\hibernate-core-6.6.11.Final.jar;D:\mavenjilu\jakarta\persistence\jakarta.persistence-api\3.1.0\jakarta.persistence-api-3.1.0.jar;D:\mavenjilu\jakarta\transaction\jakarta.transaction-api\2.0.1\jakarta.transaction-api-2.0.1.jar;D:\mavenjilu\org\jboss\logging\jboss-logging\3.6.1.Final\jboss-logging-3.6.1.Final.jar;D:\mavenjilu\org\hibernate\common\hibernate-commons-annotations\7.0.3.Final\hibernate-commons-annotations-7.0.3.Final.jar;D:\mavenjilu\io\smallrye\jandex\3.2.0\jandex-3.2.0.jar;D:\mavenjilu\com\fasterxml\classmate\1.7.0\classmate-1.7.0.jar;D:\mavenjilu\net\bytebuddy\byte-buddy\1.15.11\byte-buddy-1.15.11.jar;D:\mavenjilu\org\glassfish\jaxb\jaxb-runtime\4.0.5\jaxb-runtime-4.0.5.jar;D:\mavenjilu\org\glassfish\jaxb\jaxb-core\4.0.5\jaxb-core-4.0.5.jar;D:\mavenjilu\org\eclipse\angus\angus-activation\2.0.2\angus-activation-2.0.2.jar;D:\mavenjilu\org\glassfish\jaxb\txw2\4.0.5\txw2-4.0.5.jar;D:\mavenjilu\com\sun\istack\istack-commons-runtime\4.1.2\istack-commons-runtime-4.1.2.jar;D:\mavenjilu\jakarta\inject\jakarta.inject-api\2.0.1\jakarta.inject-api-2.0.1.jar;D:\mavenjilu\org\antlr\antlr4-runtime\4.13.0\antlr4-runtime-4.13.0.jar;D:\mavenjilu\org\springframework\data\spring-data-jpa\3.4.4\spring-data-jpa-3.4.4.jar;D:\mavenjilu\org\springframework\data\spring-data-commons\3.4.4\spring-data-commons-3.4.4.jar;D:\mavenjilu\org\springframework\spring-orm\6.2.5\spring-orm-6.2.5.jar;D:\mavenjilu\org\springframework\spring-tx\6.2.5\spring-tx-6.2.5.jar;D:\mavenjilu\org\slf4j\slf4j-api\2.0.17\slf4j-api-2.0.17.jar;D:\mavenjilu\org\springframework\spring-aspects\6.2.5\spring-aspects-6.2.5.jar;D:\mavenjilu\org\aspectj\aspectjweaver\1.9.23\aspectjweaver-1.9.23.jar;D:\mavenjilu\org\springframework\boot\spring-boot-starter-validation\3.4.4\spring-boot-starter-validation-3.4.4.jar;D:\mavenjilu\org\apache\tomcat\embed\tomcat-embed-el\10.1.39\tomcat-embed-el-10.1.39.jar;D:\mavenjilu\org\hibernate\validator\hibernate-validator\8.0.2.Final\hibernate-validator-8.0.2.Final.jar;D:\mavenjilu\jakarta\validation\jakarta.validation-api\3.0.2\jakarta.validation-api-3.0.2.jar;D:\mavenjilu\com\mysql\mysql-connector-j\9.1.0\mysql-connector-j-9.1.0.jar;D:\mavenjilu\cn\hutool\hutool-all\5.8.22\hutool-all-5.8.22.jar;D:\mavenjilu\org\projectlombok\lombok\1.18.36\lombok-1.18.36.jar;D:\mavenjilu\org\mapstruct\mapstruct\1.5.5.Final\mapstruct-1.5.5.Final.jar;D:\mavenjilu\com\fasterxml\jackson\datatype\jackson-datatype-jsr310\2.18.3\jackson-datatype-jsr310-2.18.3.jar;D:\mavenjilu\com\fasterxml\jackson\core\jackson-annotations\2.18.3\jackson-annotations-2.18.3.jar;D:\mavenjilu\com\fasterxml\jackson\core\jackson-core\2.18.3\jackson-core-2.18.3.jar;D:\mavenjilu\com\fasterxml\jackson\core\jackson-databind\2.18.3\jackson-databind-2.18.3.jar;D:\mavenjilu\org\springframework\boot\spring-boot-starter-test\3.4.4\spring-boot-starter-test-3.4.4.jar;D:\mavenjilu\org\springframework\boot\spring-boot-test\3.4.4\spring-boot-test-3.4.4.jar;D:\mavenjilu\org\springframework\boot\spring-boot-test-autoconfigure\3.4.4\spring-boot-test-autoconfigure-3.4.4.jar;D:\mavenjilu\com\jayway\jsonpath\json-path\2.9.0\json-path-2.9.0.jar;D:\mavenjilu\jakarta\xml\bind\jakarta.xml.bind-api\4.0.2\jakarta.xml.bind-api-4.0.2.jar;D:\mavenjilu\jakarta\activation\jakarta.activation-api\2.1.3\jakarta.activation-api-2.1.3.jar;D:\mavenjilu\net\minidev\json-smart\2.5.2\json-smart-2.5.2.jar;D:\mavenjilu\net\minidev\accessors-smart\2.5.2\accessors-smart-2.5.2.jar;D:\mavenjilu\org\ow2\asm\asm\9.7.1\asm-9.7.1.jar;D:\mavenjilu\org\assertj\assertj-core\3.26.3\assertj-core-3.26.3.jar;D:\mavenjilu\org\awaitility\awaitility\4.2.2\awaitility-4.2.2.jar;D:\mavenjilu\org\hamcrest\hamcrest\2.2\hamcrest-2.2.jar;D:\mavenjilu\org\junit\jupiter\junit-jupiter\5.11.4\junit-jupiter-5.11.4.jar;D:\mavenjilu\org\junit\jupiter\junit-jupiter-api\5.11.4\junit-jupiter-api-5.11.4.jar;D:\mavenjilu\org\opentest4j\opentest4j\1.3.0\opentest4j-1.3.0.jar;D:\mavenjilu\org\junit\platform\junit-platform-commons\1.11.4\junit-platform-commons-1.11.4.jar;D:\mavenjilu\org\apiguardian\apiguardian-api\1.1.2\apiguardian-api-1.1.2.jar;D:\mavenjilu\org\junit\jupiter\junit-jupiter-params\5.11.4\junit-jupiter-params-5.11.4.jar;D:\mavenjilu\org\junit\jupiter\junit-jupiter-engine\5.11.4\junit-jupiter-engine-5.11.4.jar;D:\mavenjilu\org\junit\platform\junit-platform-engine\1.11.4\junit-platform-engine-1.11.4.jar;D:\mavenjilu\org\mockito\mockito-core\5.14.2\mockito-core-5.14.2.jar;D:\mavenjilu\net\bytebuddy\byte-buddy-agent\1.15.11\byte-buddy-agent-1.15.11.jar;D:\mavenjilu\org\objenesis\objenesis\3.3\objenesis-3.3.jar;D:\mavenjilu\org\mockito\mockito-junit-jupiter\5.14.2\mockito-junit-jupiter-5.14.2.jar;D:\mavenjilu\org\skyscreamer\jsonassert\1.5.3\jsonassert-1.5.3.jar;D:\mavenjilu\com\vaadin\external\google\android-json\0.0.20131108.vaadin1\android-json-0.0.20131108.vaadin1.jar;D:\mavenjilu\org\springframework\spring-core\6.2.5\spring-core-6.2.5.jar;D:\mavenjilu\org\springframework\spring-jcl\6.2.5\spring-jcl-6.2.5.jar;D:\mavenjilu\org\springframework\spring-test\6.2.5\spring-test-6.2.5.jar;D:\mavenjilu\org\xmlunit\xmlunit-core\2.10.0\xmlunit-core-2.10.0.jar;D:\mavenjilu\com\h2database\h2\2.3.232\h2-2.3.232.jar;"/>
    <property name="sun.cpu.endian" value="little"/>
    <property name="user.home" value="C:\Users\44113"/>
    <property name="user.language" value="zh"/>
    <property name="java.specification.vendor" value="Oracle Corporation"/>
    <property name="java.version.date" value="2023-04-18"/>
    <property name="java.home" value="D:\jbr"/>
    <property name="file.separator" value="\"/>
    <property name="basedir" value="E:\ecms"/>
    <property name="java.vm.compressedOopsMode" value="Zero based"/>
    <property name="line.separator" value="&#10;"/>
    <property name="java.vm.specification.vendor" value="Oracle Corporation"/>
    <property name="java.specification.name" value="Java Platform API Specification"/>
    <property name="FILE_LOG_CHARSET" value="GBK"/>
    <property name="java.awt.headless" value="true"/>
    <property name="jbr.virtualization.information" value="Hyper-V role"/>
    <property name="surefire.real.class.path" value="C:\Users\44113\AppData\Local\Temp\surefire5747384693192194441\surefirebooter-20250402130329826_3.jar"/>
    <property name="user.script" value=""/>
    <property name="sun.management.compiler" value="HotSpot 64-Bit Tiered Compilers"/>
    <property name="java.runtime.version" value="17.0.7+10-b829.16"/>
    <property name="user.name" value="44113"/>
    <property name="path.separator" value=";"/>
    <property name="os.version" value="10.0"/>
    <property name="java.runtime.name" value="OpenJDK Runtime Environment"/>
    <property name="file.encoding" value="GBK"/>
    <property name="java.vm.name" value="OpenJDK 64-Bit Server VM"/>
    <property name="java.vendor.version" value="JBR-17.0.7+10-829.16-jcef"/>
    <property name="localRepository" value="D:\mavenjilu"/>
    <property name="java.vendor.url.bug" value="https://bugreport.java.com/bugreport/"/>
    <property name="java.io.tmpdir" value="C:\Users\44113\AppData\Local\Temp\"/>
    <property name="idea.version" value="2023.3.5"/>
    <property name="com.zaxxer.hikari.pool_number" value="1"/>
    <property name="java.version" value="17.0.7"/>
    <property name="user.dir" value="E:\ecms"/>
    <property name="os.arch" value="amd64"/>
    <property name="java.vm.specification.name" value="Java Virtual Machine Specification"/>
    <property name="PID" value="3788"/>
    <property name="sun.os.patch.level" value=""/>
    <property name="CONSOLE_LOG_CHARSET" value="GBK"/>
    <property name="native.encoding" value="GBK"/>
    <property name="java.library.path" value="D:\jbr\bin;C:\WINDOWS\Sun\Java\bin;C:\WINDOWS\system32;C:\WINDOWS;C:\Program Files\NVIDIA GPU Computing Toolkit\CUDA\v10.1\bin;C:\Program Files\NVIDIA GPU Computing Toolkit\CUDA\v10.1\libnvvp;D:\Anaconda;D:\Anaconda\Scripts;E:\bin\;C:\Program Files\Common Files\Oracle\Java\javapath;C:\Program Files (x86)\Common Files\Oracle\Java\javapath;C:\Program Files (x86)\Common Files\Intel\Shared Libraries\redist\intel64\compiler;C:\WINDOWS\system32;C:\WINDOWS;C:\WINDOWS\System32\Wbem;C:\WINDOWS\System32\WindowsPowerShell\v1.0\;C:\WINDOWS\System32\OpenSSH\;C:\Program Files (x86)\dotnet\;C:\Program Files\dotnet\;C:\Program Files\MySQL\MySQL Server 8.0\bin;C:\Program Files\Microsoft SQL Server\150\Tools\Binn\;C:\Program Files\Microsoft SQL Server\Client SDK\ODBC\170\Tools\Binn\;C:\Program Files\nodejs\node_modules;C:\Program Files\nodejs\;C:\Program Files\Calibre2\;E:\apache-tomcat-10.1.28\bin;E:\maven\apache-maven-3.9.9-bin\apache-maven-3.9.9\bin;%JMETER_HOME%\bin;D:\Git\cmd;E:\redis\;C:\Program Files\NVIDIA Corporation\Nsight Compute 2019.1\;C:\Program Files (x86)\NVIDIA Corporation\PhysX\Common;D:\ffmpeg\ffmpeg-7.1-full_build\bin;C:\Program Files\MySQL\MySQL Shell 8.0\bin\;C:\Users\44113\AppData\Local\Programs\Python\Python39\Scripts\;C:\Users\44113\AppData\Local\Programs\Python\Python39\;C:\Users\44113\AppData\Local\Microsoft\WindowsApps;E:\Bandizip\;D:\idea\PyCharm 2023.2.1\bin;;C:\Users\44113\AppData\Local\GitHubDesktop\bin;C:\mingw64\bin;D:\Java\bin;C:\Users\44113\.dotnet\tools;C:\Program Files\nodejs\node_global;E:\apache-tomcat-10.1.28\bin;E:\apache-tomcat-10.1.28\lib;&quot;C:\Program Files\Java\jdk-22\bin;C:\Program Files\Java\jdk-22\jre\bin;&quot;;E:\maven\apache-maven-3.9.9-bin\apache-maven-3.9.9bin;D:\vscode\Microsoft VS Code\bin;."/>
    <property name="java.vm.info" value="mixed mode"/>
    <property name="java.vendor" value="JetBrains s.r.o."/>
    <property name="java.vm.version" value="17.0.7+10-b829.16"/>
    <property name="sun.io.unicode.encoding" value="UnicodeLittle"/>
    <property name="maven.repo.local" value="D:\mavenjilu"/>
    <property name="java.class.version" value="61.0"/>
    <property name="LOGGED_APPLICATION_NAME" value="[ecms] "/>
  </properties>
  <testcase name="contextLoads" classname="com.ecms.EcmsApplicationTests" time="0.474">
    <system-out><![CDATA[13:03:30.607 [main] INFO org.springframework.test.context.support.AnnotationConfigContextLoaderUtils -- Could not detect default configuration classes for test class [com.ecms.EcmsApplicationTests]: EcmsApplicationTests does not declare any static, non-private, non-final, nested classes annotated with @Configuration.
13:03:30.707 [main] INFO org.springframework.boot.test.context.SpringBootTestContextBootstrapper -- Found @SpringBootConfiguration com.ecms.EcmsApplication for test class com.ecms.EcmsApplicationTests

  .   ____          _            __ _ _
 /\\ / ___'_ __ _ _(_)_ __  __ _ \ \ \ \
( ( )\___ | '_ | '_| | '_ \/ _` | \ \ \ \
 \\/  ___)| |_)| | | | | || (_| |  ) ) ) )
  '  |____| .__|_| |_|_| |_\__, | / / / /
 =========|_|==============|___/=/_/_/_/

 :: Spring Boot ::                (v3.4.4)

2025-04-02T13:03:31.226+08:00  INFO 3788 --- [ecms] [           main] com.ecms.EcmsApplicationTests            : Starting EcmsApplicationTests using Java 17.0.7 with PID 3788 (started by 44113 in E:\ecms)
2025-04-02T13:03:31.227+08:00  INFO 3788 --- [ecms] [           main] com.ecms.EcmsApplicationTests            : No active profile set, falling back to 1 default profile: "default"
2025-04-02T13:03:32.165+08:00  INFO 3788 --- [ecms] [           main] .s.d.r.c.RepositoryConfigurationDelegate : Bootstrapping Spring Data JPA repositories in DEFAULT mode.
2025-04-02T13:03:32.194+08:00  INFO 3788 --- [ecms] [           main] .s.d.r.c.RepositoryConfigurationDelegate : Finished Spring Data repository scanning in 10 ms. Found 0 JPA repository interfaces.
2025-04-02T13:03:32.878+08:00  INFO 3788 --- [ecms] [           main] o.hibernate.jpa.internal.util.LogHelper  : HHH000204: Processing PersistenceUnitInfo [name: default]
2025-04-02T13:03:32.950+08:00  INFO 3788 --- [ecms] [           main] org.hibernate.Version                    : HHH000412: Hibernate ORM core version 6.6.11.Final
2025-04-02T13:03:33.017+08:00  INFO 3788 --- [ecms] [           main] o.h.c.internal.RegionFactoryInitiator    : HHH000026: Second-level cache disabled
2025-04-02T13:03:33.449+08:00  INFO 3788 --- [ecms] [           main] o.s.o.j.p.SpringPersistenceUnitInfo      : No LoadTimeWeaver setup: ignoring JPA class transformer
2025-04-02T13:03:33.501+08:00  INFO 3788 --- [ecms] [           main] com.zaxxer.hikari.HikariDataSource       : HikariPool-1 - Starting...
2025-04-02T13:03:33.641+08:00  INFO 3788 --- [ecms] [           main] com.zaxxer.hikari.pool.HikariPool        : HikariPool-1 - Added connection com.mysql.cj.jdbc.ConnectionImpl@4ecd8ab1
2025-04-02T13:03:33.643+08:00  INFO 3788 --- [ecms] [           main] com.zaxxer.hikari.HikariDataSource       : HikariPool-1 - Start completed.
2025-04-02T13:03:33.684+08:00  WARN 3788 --- [ecms] [           main] org.hibernate.orm.deprecation            : HHH90000025: MySQL8Dialect does not need to be specified explicitly using 'hibernate.dialect' (remove the property setting and it will be selected by default)
2025-04-02T13:03:33.685+08:00  WARN 3788 --- [ecms] [           main] org.hibernate.orm.deprecation            : HHH90000026: MySQL8Dialect has been deprecated; use org.hibernate.dialect.MySQLDialect instead
2025-04-02T13:03:33.700+08:00  INFO 3788 --- [ecms] [           main] org.hibernate.orm.connections.pooling    : HHH10001005: Database info:
	Database JDBC URL [Connecting through datasource 'HikariDataSource (HikariPool-1)']
	Database driver: undefined/unknown
	Database version: 8.0
	Autocommit mode: undefined/unknown
	Isolation level: undefined/unknown
	Minimum pool size: undefined/unknown
	Maximum pool size: undefined/unknown
2025-04-02T13:03:34.322+08:00  INFO 3788 --- [ecms] [           main] o.h.e.t.j.p.i.JtaPlatformInitiator       : HHH000489: No JTA platform available (set 'hibernate.transaction.jta.platform' to enable JTA platform integration)
2025-04-02T13:03:34.371+08:00  INFO 3788 --- [ecms] [           main] j.LocalContainerEntityManagerFactoryBean : Initialized JPA EntityManagerFactory for persistence unit 'default'
2025-04-02T13:03:34.601+08:00  WARN 3788 --- [ecms] [           main] JpaBaseConfiguration$JpaWebConfiguration : spring.jpa.open-in-view is enabled by default. Therefore, database queries may be performed during view rendering. Explicitly configure spring.jpa.open-in-view to disable this warning
2025-04-02T13:03:35.888+08:00  INFO 3788 --- [ecms] [           main] com.ecms.EcmsApplicationTests            : Started EcmsApplicationTests in 5.006 seconds (process running for 5.965)
]]></system-out>
  </testcase>
</testsuite>